d:\current_work\msp0045_native_windows\marvis_auth_core_vc\x64\release\vc120.pdb
d:\current_work\msp0045_native_windows\marvis_auth_core_vc\x64\release\vc120.idb
d:\current_work\msp0045_native_windows\marvis_auth_core_vc\x64\release\nativelogger.obj
d:\current_work\msp0045_native_windows\marvis_auth_core_vc\x64\release\commoncore.obj
d:\current_work\msp0045_native_windows\marvis_auth_core_vc\x64\release\dllmain.obj
d:\current_work\msp0045_native_windows\marvis_auth_core_vc\x64\release\mobile_spoof.obj
d:\current_work\msp0045_native_windows\marvis_auth_core_vc\x64\release\stdafx.obj
d:\current_work\msp0045_native_windows\x64\release\marvis_auth_core.dll
d:\current_work\msp0045_native_windows\x64\release\marvis_auth_core.pdb
d:\current_work\msp0045_native_windows\x64\release\marvis_auth_core.lib
d:\current_work\msp0045_native_windows\x64\release\marvis_auth_core.exp
d:\current_work\msp0045_native_windows\marvis_auth_core_vc\x64\release\marvis_auth_core.res
d:\current_work\iris\misv2\marvis_auth_core_vc\x64\release\commoncore.obj
d:\current_work\iris\misv2\marvis_auth_core_vc\x64\release\dllmain.obj
d:\current_work\iris\misv2\marvis_auth_core_vc\x64\release\mobile_spoof.obj
d:\current_work\iris\misv2\marvis_auth_core_vc\x64\release\nativelogger.obj
d:\current_work\iris\misv2\marvis_auth_core_vc\x64\release\stdafx.obj
d:\current_work\iris\misv2\marvis_auth_core_vc\x64\release\marvis_auth_core.res
d:\current_work\iris\misv2\marvis_auth_core_vc\x64\release\vc120.idb
d:\current_work\iris\misv2\marvis_auth_core_vc\x64\release\vc120.pdb
d:\current_work\iris\misv2\x64\release\marvis_auth_core.pdb
d:\current_work\iris\misv2\x64\release\marvis_auth_core.dll
d:\current_work\iris\misv2\marvis_auth_core_vc\x64\release\marvis_auth_core.tlog\cl.command.1.tlog
d:\current_work\iris\misv2\marvis_auth_core_vc\x64\release\marvis_auth_core.tlog\cl.read.1.tlog
d:\current_work\iris\misv2\marvis_auth_core_vc\x64\release\marvis_auth_core.tlog\cl.write.1.tlog
d:\current_work\iris\misv2\marvis_auth_core_vc\x64\release\marvis_auth_core.tlog\link.command.1.tlog
d:\current_work\iris\misv2\marvis_auth_core_vc\x64\release\marvis_auth_core.tlog\link.read.1.tlog
d:\current_work\iris\misv2\marvis_auth_core_vc\x64\release\marvis_auth_core.tlog\link.write.1.tlog
d:\current_work\iris\misv2\marvis_auth_core_vc\x64\release\marvis_auth_core.tlog\marvis_auth_core.write.1u.tlog
d:\current_work\iris\misv2\marvis_auth_core_vc\x64\release\marvis_auth_core.tlog\rc.command.1.tlog
d:\current_work\iris\misv2\marvis_auth_core_vc\x64\release\marvis_auth_core.tlog\rc.read.1.tlog
d:\current_work\iris\misv2\marvis_auth_core_vc\x64\release\marvis_auth_core.tlog\rc.write.1.tlog
