d:\current_work\msp0045_native_windows\marvis_auth_cpp\x64\release\vc120.pdb
d:\current_work\msp0045_native_windows\marvis_auth_cpp\x64\release\stdafx.obj
d:\current_work\msp0045_native_windows\marvis_auth_cpp\x64\release\picturectrl.obj
d:\current_work\msp0045_native_windows\marvis_auth_cpp\x64\release\marvis_auth_nativedlg.obj
d:\current_work\msp0045_native_windows\marvis_auth_cpp\x64\release\marvis_auth_native.obj
d:\current_work\msp0045_native_windows\marvis_auth_cpp\x64\release\colorstatic.obj
d:\current_work\msp0045_native_windows\x64\release\marvis_auth_cpp.exe
d:\current_work\msp0045_native_windows\marvis_auth_cpp\x64\release\marvis_auth_native.res
d:\current_work\iris\misv2\marvis_auth_cpp\x64\release\colorstatic.obj
d:\current_work\iris\misv2\marvis_auth_cpp\x64\release\marvis_auth_native.obj
d:\current_work\iris\misv2\marvis_auth_cpp\x64\release\marvis_auth_nativedlg.obj
d:\current_work\iris\misv2\marvis_auth_cpp\x64\release\picturectrl.obj
d:\current_work\iris\misv2\marvis_auth_cpp\x64\release\stdafx.obj
d:\current_work\iris\misv2\marvis_auth_cpp\x64\release\marvis_auth_native.res
d:\current_work\iris\misv2\marvis_auth_cpp\x64\release\vc120.pdb
d:\current_work\iris\misv2\x64\release\marvis_auth_cpp.pdb
d:\current_work\iris\misv2\x64\release\marvis_auth_cpp.exe
d:\current_work\iris\misv2\marvis_auth_cpp\x64\release\marvis_auth_cpp.tlog\cl.command.1.tlog
d:\current_work\iris\misv2\marvis_auth_cpp\x64\release\marvis_auth_cpp.tlog\cl.read.1.tlog
d:\current_work\iris\misv2\marvis_auth_cpp\x64\release\marvis_auth_cpp.tlog\cl.write.1.tlog
d:\current_work\iris\misv2\marvis_auth_cpp\x64\release\marvis_auth_cpp.tlog\link.command.1.tlog
d:\current_work\iris\misv2\marvis_auth_cpp\x64\release\marvis_auth_cpp.tlog\link.read.1.tlog
d:\current_work\iris\misv2\marvis_auth_cpp\x64\release\marvis_auth_cpp.tlog\link.write.1.tlog
d:\current_work\iris\misv2\marvis_auth_cpp\x64\release\marvis_auth_cpp.tlog\rc.command.1.tlog
d:\current_work\iris\misv2\marvis_auth_cpp\x64\release\marvis_auth_cpp.tlog\rc.read.1.tlog
d:\current_work\iris\misv2\marvis_auth_cpp\x64\release\marvis_auth_cpp.tlog\rc.write.1.tlog
